{"level":40,"time":"2023-05-22T15:16:51.798Z","pid":13264,"hostname":"DESKTOP-48ND4VH","msg":"Ruta '/api/logindfgdfg' metodo 'GET' no implementada"}
{"level":40,"time":"2023-05-22T15:57:22.023Z","pid":12672,"hostname":"DESKTOP-48ND4VH","msg":"Ruta '/api/productos%20%20%20g' metodo 'GET' no implementada"}
{"level":50,"time":"2023-05-22T19:15:03.701Z","pid":12768,"hostname":"DESKTOP-48ND4VH","msg":"Clave incorrecta"}
{"level":50,"time":"2023-05-22T19:19:15.628Z","pid":4800,"hostname":"DESKTOP-48ND4VH","msg":"Usuario ya existe"}
{"level":40,"time":"2023-05-22T19:54:05.347Z","pid":12812,"hostname":"DESKTOP-48ND4VH","msg":"Ruta '/favicon.ico' metodo 'GET' no implementada"}
{"level":40,"time":"2023-05-22T20:45:07.373Z","pid":12812,"hostname":"DESKTOP-48ND4VH","msg":"Ruta '/favicon.ico' metodo 'GET' no implementada"}
{"level":40,"time":"2023-05-22T20:52:43.440Z","pid":12812,"hostname":"DESKTOP-48ND4VH","msg":"Ruta '/favicon.ico' metodo 'GET' no implementada"}
{"level":40,"time":"2023-05-23T15:32:16.316Z","pid":7320,"hostname":"DESKTOP-48ND4VH","msg":"Ruta '/favicon.ico' metodo 'GET' no implementada"}
{"level":40,"time":"2023-05-24T14:45:14.535Z","pid":7580,"hostname":"DESKTOP-48ND4VH","msg":"Ruta '/favicon.ico' metodo 'GET' no implementada"}
{"level":50,"time":"2023-05-24T14:51:53.435Z","pid":944,"hostname":"DESKTOP-48ND4VH","msg":"Clave incorrecta"}
{"level":40,"time":"2023-05-24T15:18:21.504Z","pid":14188,"hostname":"DESKTOP-48ND4VH","msg":"Ruta '/favicon.ico' metodo 'GET' no implementada"}
{"level":50,"time":"2023-05-24T15:18:30.756Z","pid":14188,"hostname":"DESKTOP-48ND4VH","msg":"Clave incorrecta"}
{"level":50,"time":"2023-05-24T15:18:42.048Z","pid":14188,"hostname":"DESKTOP-48ND4VH","msg":"Clave incorrecta"}
{"level":50,"time":"2023-05-24T15:18:50.829Z","pid":14188,"hostname":"DESKTOP-48ND4VH","msg":"Clave incorrecta"}
{"level":50,"time":"2023-05-24T15:19:00.610Z","pid":14188,"hostname":"DESKTOP-48ND4VH","msg":"Clave incorrecta"}
{"level":50,"time":"2023-05-24T15:19:10.786Z","pid":14188,"hostname":"DESKTOP-48ND4VH","msg":"Clave incorrecta"}
{"level":40,"time":"2023-05-24T15:41:08.382Z","pid":14188,"hostname":"DESKTOP-48ND4VH","msg":"Ruta '/favicon.ico' metodo 'GET' no implementada"}
{"level":40,"time":"2023-05-24T15:42:03.408Z","pid":14188,"hostname":"DESKTOP-48ND4VH","msg":"Ruta '/utils/passwordEncrypt.js' metodo 'GET' no implementada"}
{"level":40,"time":"2023-05-24T15:48:47.503Z","pid":14188,"hostname":"DESKTOP-48ND4VH","msg":"Ruta '/utils/passwordEncrypt' metodo 'GET' no implementada"}
{"level":40,"time":"2023-05-24T15:55:40.400Z","pid":14188,"hostname":"DESKTOP-48ND4VH","msg":"Ruta '/favicon.ico' metodo 'GET' no implementada"}
{"level":40,"time":"2023-05-24T15:56:01.276Z","pid":14188,"hostname":"DESKTOP-48ND4VH","msg":"Ruta '/utils/passwordEncrypt' metodo 'GET' no implementada"}
{"level":40,"time":"2023-05-24T15:56:48.663Z","pid":14188,"hostname":"DESKTOP-48ND4VH","msg":"Ruta '/utils/passwordEncrypt.js' metodo 'GET' no implementada"}
{"level":40,"time":"2023-05-24T16:02:24.507Z","pid":14188,"hostname":"DESKTOP-48ND4VH","msg":"Ruta '/node_modules/bcrypt/bcrypt.js' metodo 'GET' no implementada"}
{"level":40,"time":"2023-05-24T16:11:11.093Z","pid":14188,"hostname":"DESKTOP-48ND4VH","msg":"Ruta '/favicon.ico' metodo 'GET' no implementada"}
{"level":40,"time":"2023-05-24T16:47:09.240Z","pid":14188,"hostname":"DESKTOP-48ND4VH","msg":"Ruta '/favicon.ico' metodo 'GET' no implementada"}
{"level":50,"time":"2023-05-24T17:17:25.713Z","pid":7892,"hostname":"DESKTOP-48ND4VH","msg":"Clave incorrecta"}
{"level":50,"time":"2023-05-24T17:17:37.175Z","pid":7892,"hostname":"DESKTOP-48ND4VH","msg":"Clave incorrecta"}
{"level":50,"time":"2023-05-24T17:17:42.520Z","pid":7892,"hostname":"DESKTOP-48ND4VH","msg":"Clave incorrecta"}
{"level":50,"time":"2023-05-24T17:17:49.644Z","pid":7892,"hostname":"DESKTOP-48ND4VH","msg":"Clave incorrecta"}
{"level":50,"time":"2023-05-24T17:17:57.193Z","pid":7892,"hostname":"DESKTOP-48ND4VH","msg":"Clave incorrecta"}
{"level":50,"time":"2023-05-24T17:18:27.926Z","pid":7892,"hostname":"DESKTOP-48ND4VH","msg":"Clave incorrecta"}
{"level":50,"time":"2023-05-24T17:18:41.351Z","pid":7892,"hostname":"DESKTOP-48ND4VH","msg":"Clave incorrecta"}
{"level":50,"time":"2023-05-24T18:38:34.704Z","pid":7200,"hostname":"DESKTOP-48ND4VH","msg":"Usuario ya existe"}
{"level":50,"time":"2023-05-24T18:38:57.824Z","pid":7200,"hostname":"DESKTOP-48ND4VH","msg":"Clave incorrecta"}
{"level":40,"time":"2023-05-24T19:04:12.296Z","pid":15136,"hostname":"DESKTOP-48ND4VH","msg":"Ruta '/favicon.ico' metodo 'GET' no implementada"}
{"level":50,"time":"2023-05-24T19:04:53.871Z","pid":15136,"hostname":"DESKTOP-48ND4VH","msg":"Error al escribir en base de datos, ValidationError: age: Path `age` (999) is more than maximum allowed value (99)."}
{"level":50,"time":"2023-05-24T19:05:03.793Z","pid":15136,"hostname":"DESKTOP-48ND4VH","msg":"Usuario no existe"}
{"level":50,"time":"2023-05-24T19:05:15.235Z","pid":15136,"hostname":"DESKTOP-48ND4VH","msg":"Usuario no existe"}
{"level":40,"time":"2023-05-24T19:06:17.235Z","pid":15136,"hostname":"DESKTOP-48ND4VH","msg":"Ruta '/favicon.ico' metodo 'GET' no implementada"}
{"level":50,"time":"2023-05-24T20:27:52.585Z","pid":7420,"hostname":"DESKTOP-48ND4VH","msg":"El ID buscado no existe"}
{"level":50,"time":"2023-05-24T20:28:23.307Z","pid":10040,"hostname":"DESKTOP-48ND4VH","msg":"El ID buscado no existe"}
{"level":50,"time":"2023-05-24T20:38:27.789Z","pid":10844,"hostname":"DESKTOP-48ND4VH","msg":"El ID buscado no existe"}
{"level":50,"time":"2023-05-24T20:38:47.035Z","pid":10844,"hostname":"DESKTOP-48ND4VH","msg":"El ID buscado no existe"}
{"level":50,"time":"2023-05-24T20:43:51.612Z","pid":12216,"hostname":"DESKTOP-48ND4VH","msg":"El ID buscado no existe"}
{"level":50,"time":"2023-05-24T20:43:51.612Z","pid":12216,"hostname":"DESKTOP-48ND4VH","msg":"Error al escribir en base de datos, TypeError: Cannot read properties of undefined (reading 'productos')"}
{"level":50,"time":"2023-05-24T20:47:48.449Z","pid":11612,"hostname":"DESKTOP-48ND4VH","err":{"type":"RestException","message":"Invalid From and To pair. From and To should be of the same channel","stack":"Error: Invalid From and To pair. From and To should be of the same channel\n    at success (C:\\Users\\Seba\\Desktop\\Full stack developer\\Trabajos\\4 - Backend\\Entrega final 29-05-23\\node_modules\\twilio\\lib\\base\\Version.js:79:23)\n    at process.processTicksAndRejections (node:internal/process/task_queues:95:5)\n    at async twilioSender (file:///C:/Users/Seba/Desktop/Full%20stack%20developer/Trabajos/4%20-%20Backend/Entrega%20final%2029-05-23/src/twilio/twilioMessage.js:15:7)","status":400,"code":21910,"moreInfo":"https://www.twilio.com/docs/errors/21910"},"msg":"Error al enviar SMS al cliente"}
{"level":50,"time":"2023-05-24T20:47:48.574Z","pid":11612,"hostname":"DESKTOP-48ND4VH","err":{"type":"RestException","message":"The number  is unverified. Trial accounts cannot send messages to unverified numbers; verify  at twilio.com/user/account/phone-numbers/verified, or purchase a Twilio number to send messages to unverified numbers.","stack":"Error: The number  is unverified. Trial accounts cannot send messages to unverified numbers; verify  at twilio.com/user/account/phone-numbers/verified, or purchase a Twilio number to send messages to unverified numbers.\n    at success (C:\\Users\\Seba\\Desktop\\Full stack developer\\Trabajos\\4 - Backend\\Entrega final 29-05-23\\node_modules\\twilio\\lib\\base\\Version.js:79:23)\n    at process.processTicksAndRejections (node:internal/process/task_queues:95:5)\n    at async twilioSender (file:///C:/Users/Seba/Desktop/Full%20stack%20developer/Trabajos/4%20-%20Backend/Entrega%20final%2029-05-23/src/twilio/twilioMessage.js:15:7)","status":400,"code":21608,"moreInfo":"https://www.twilio.com/docs/errors/21608"},"msg":"Error al enviar SMS al cliente"}
{"level":50,"time":"2023-05-24T20:47:56.339Z","pid":11612,"hostname":"DESKTOP-48ND4VH","msg":"Error al eliminar item"}
{"level":50,"time":"2023-05-24T20:48:59.632Z","pid":11612,"hostname":"DESKTOP-48ND4VH","err":{"type":"RestException","message":"Invalid From and To pair. From and To should be of the same channel","stack":"Error: Invalid From and To pair. From and To should be of the same channel\n    at success (C:\\Users\\Seba\\Desktop\\Full stack developer\\Trabajos\\4 - Backend\\Entrega final 29-05-23\\node_modules\\twilio\\lib\\base\\Version.js:79:23)\n    at process.processTicksAndRejections (node:internal/process/task_queues:95:5)\n    at async twilioSender (file:///C:/Users/Seba/Desktop/Full%20stack%20developer/Trabajos/4%20-%20Backend/Entrega%20final%2029-05-23/src/twilio/twilioMessage.js:15:7)","status":400,"code":21910,"moreInfo":"https://www.twilio.com/docs/errors/21910"},"msg":"Error al enviar SMS al cliente"}
{"level":50,"time":"2023-05-24T20:48:59.740Z","pid":11612,"hostname":"DESKTOP-48ND4VH","err":{"type":"RestException","message":"The number  is unverified. Trial accounts cannot send messages to unverified numbers; verify  at twilio.com/user/account/phone-numbers/verified, or purchase a Twilio number to send messages to unverified numbers.","stack":"Error: The number  is unverified. Trial accounts cannot send messages to unverified numbers; verify  at twilio.com/user/account/phone-numbers/verified, or purchase a Twilio number to send messages to unverified numbers.\n    at success (C:\\Users\\Seba\\Desktop\\Full stack developer\\Trabajos\\4 - Backend\\Entrega final 29-05-23\\node_modules\\twilio\\lib\\base\\Version.js:79:23)\n    at process.processTicksAndRejections (node:internal/process/task_queues:95:5)\n    at async twilioSender (file:///C:/Users/Seba/Desktop/Full%20stack%20developer/Trabajos/4%20-%20Backend/Entrega%20final%2029-05-23/src/twilio/twilioMessage.js:15:7)","status":400,"code":21608,"moreInfo":"https://www.twilio.com/docs/errors/21608"},"msg":"Error al enviar SMS al cliente"}
{"level":50,"time":"2023-05-24T20:49:43.228Z","pid":11612,"hostname":"DESKTOP-48ND4VH","err":{"type":"RestException","message":"Invalid From and To pair. From and To should be of the same channel","stack":"Error: Invalid From and To pair. From and To should be of the same channel\n    at success (C:\\Users\\Seba\\Desktop\\Full stack developer\\Trabajos\\4 - Backend\\Entrega final 29-05-23\\node_modules\\twilio\\lib\\base\\Version.js:79:23)\n    at process.processTicksAndRejections (node:internal/process/task_queues:95:5)\n    at async twilioSender (file:///C:/Users/Seba/Desktop/Full%20stack%20developer/Trabajos/4%20-%20Backend/Entrega%20final%2029-05-23/src/twilio/twilioMessage.js:15:7)","status":400,"code":21910,"moreInfo":"https://www.twilio.com/docs/errors/21910"},"msg":"Error al enviar SMS al cliente"}
{"level":50,"time":"2023-05-24T20:49:43.377Z","pid":11612,"hostname":"DESKTOP-48ND4VH","err":{"type":"RestException","message":"The number  is unverified. Trial accounts cannot send messages to unverified numbers; verify  at twilio.com/user/account/phone-numbers/verified, or purchase a Twilio number to send messages to unverified numbers.","stack":"Error: The number  is unverified. Trial accounts cannot send messages to unverified numbers; verify  at twilio.com/user/account/phone-numbers/verified, or purchase a Twilio number to send messages to unverified numbers.\n    at success (C:\\Users\\Seba\\Desktop\\Full stack developer\\Trabajos\\4 - Backend\\Entrega final 29-05-23\\node_modules\\twilio\\lib\\base\\Version.js:79:23)\n    at process.processTicksAndRejections (node:internal/process/task_queues:95:5)\n    at async twilioSender (file:///C:/Users/Seba/Desktop/Full%20stack%20developer/Trabajos/4%20-%20Backend/Entrega%20final%2029-05-23/src/twilio/twilioMessage.js:15:7)","status":400,"code":21608,"moreInfo":"https://www.twilio.com/docs/errors/21608"},"msg":"Error al enviar SMS al cliente"}
{"level":40,"time":"2023-05-24T22:21:37.389Z","pid":11612,"hostname":"DESKTOP-48ND4VH","msg":"Ruta '/favicon.ico' metodo 'GET' no implementada"}
{"level":40,"time":"2023-05-24T22:27:26.678Z","pid":12236,"hostname":"DESKTOP-48ND4VH","msg":"Ruta '/' metodo 'GET' no implementada"}
